 Spectral energy distribution at the surface of the nebula: 
   viewPoints = 
    nu [Ryd]        lambda [um]         F(nu)*D^2            
                                        [Jy * pc^2]              
   1.30000001E-06   70097.5156       0.00000000    
   1.48943423E-06   61182.1406       0.00000000    
   3.33333332E-06   27338.0312       0.00000000    
   4.46333343E-06   20416.7539       0.00000000    
   1.67133330E-05   5452.34033       0.00000000    
   3.74133342E-05   2435.67651       0.00000000    
   9.11267780E-05   999.999939       0.00000000    
   9.65223808E-05   944.099976       0.00000000    
   1.02240301E-04   891.299927       0.00000000    
   1.08303750E-04   841.400024       0.00000000    
   1.14725903E-04   794.299927       0.00000000    
   1.21518569E-04   749.899963       0.00000000    
   1.28728308E-04   707.900085       0.00000000    
   1.36356102E-04   668.299927       0.00000000    
   1.44416452E-04   630.999939       0.00000000    
   1.52974273E-04   595.700012       0.00000000    
   1.62060780E-04   562.299988       0.00000000    
   1.71645836E-04   530.899963       0.00000000    
   1.81817188E-04   501.200043       0.00000000    
   1.92575608E-04   473.199982       0.00000000    
   2.03999938E-04   446.700012       0.00000000    
   2.16093846E-04   421.700043       0.00000000    
   2.28904231E-04   398.099976       0.00000000    
   2.42487440E-04   375.799988       0.00000000    
   2.56839849E-04   354.799988       0.00000000    
   2.72020232E-04   334.999969       0.00000000    
   2.88193463E-04   316.199982       0.00000000    
   3.05282330E-04   298.500000       0.00000000    
   3.23373970E-04   281.799957       0.00000000    
   3.42453131E-04   266.099976       0.00000000    
   3.62765830E-04   251.199997       0.00000000    
   3.84338986E-04   237.100006       0.00000000    
   4.06997686E-04   223.899994       0.00000000    
   4.31267283E-04   211.299988       6.82174208E+09
   4.56775830E-04   199.499985       0.00000000    
   4.83687792E-04   188.399979       0.00000000    
   5.12524042E-04   177.800003       0.00000000    
   5.42744354E-04   167.899994       0.00000000    
   5.74932317E-04   158.500000       0.00000000    
   6.09136187E-04   149.600006       0.00000000    
   6.44917018E-04   141.300003       4.59050291E+09
   6.83109276E-04   133.399994       8.60924518E+09
   7.23802834E-04   125.899994       0.00000000    
   7.66415265E-04   118.899994       3.84225306E+09
   8.12181621E-04   112.199997       0.00000000    
   8.60498345E-04   105.899994       0.00000000    
   9.11267765E-04   100.000000       0.00000000    
   9.65223764E-04   94.4099960       6.11099853E+09
   1.02240301E-03   89.1299896       2.88229069E+09
   1.08303758E-03   84.1399918       5.43944909E+09
   1.14725891E-03   79.4300003       5.13928755E+09
   1.21518574E-03   74.9899979       7.27531930E+09
   1.28728314E-03   70.7900009       4.57723034E+09
   1.36356091E-03   66.8300018       1.51516826E+10
   1.44416443E-03   63.0999947       1.83904768E+10
   1.52974273E-03   59.5699959       1.73209293E+10
   1.62060780E-03   56.2300034       1.63680082E+10
   1.71645836E-03   53.0900002       2.75008369E+10
   1.81817194E-03   50.1199989       4.54284083E+10
   1.92575611E-03   47.3199959       6.42936259E+10
   2.03999947E-03   44.6699982       4.90916700E+10
   2.16093869E-03   42.1699982       6.27216957E+10
   2.28904234E-03   39.8099976       8.74873569E+10
   2.42487411E-03   37.5800018       1.42220394E+11
   2.56839837E-03   35.4799995       1.43727247E+11
   2.72020232E-03   33.5000000       1.97114085E+11
   2.88193463E-03   31.6200008       2.46037627E+11
   3.05282325E-03   29.8500023       3.07909427E+11
   3.23373941E-03   28.1800003       3.39840598E+11
   3.42453108E-03   26.6100006       3.80159656E+11
   3.62765812E-03   25.1200008       5.05883787E+11
   3.84339015E-03   23.7099991       5.86532323E+11
   4.06997697E-03   22.3899975       7.17087310E+11
   4.31267312E-03   21.1299973       8.46577074E+11
   4.56775818E-03   19.9499989       9.41882474E+11
   4.83687781E-03   18.8399982       1.05012075E+12
   5.12524042E-03   17.7800007       1.10226794E+12
   5.42744342E-03   16.7899990       1.11271543E+12
   5.74932341E-03   15.8499994       1.08942649E+12
   6.09136187E-03   14.9600000       1.08007824E+12
   6.44917041E-03   14.1300001       1.13017972E+12
   6.83109276E-03   13.3399992       1.25049189E+12
   7.23802811E-03   12.5899992       1.38958196E+12
   7.66415242E-03   11.8900013       1.38397876E+12
   8.12181551E-03   11.2200003       1.32244374E+12
   8.60498380E-03   10.5899992       1.31256025E+12
   9.11267754E-03   9.99999905       1.21918469E+12
   9.65223741E-03   9.44099998       1.06514625E+12
   1.02240294E-02   8.91300011       8.98697265E+11
   1.08303754E-02   8.41400051       7.48738576E+11
   1.14725893E-02   7.94299984       5.34484910E+11
   1.21518569E-02   7.49900007       4.61981843E+11
   1.28728319E-02   7.07900000       3.58396264E+11
   1.36356093E-02   6.68299961       2.98703978E+11
   1.44416448E-02   6.30999994       2.71769534E+11
   1.52974287E-02   5.95699930       2.21899850E+11
   1.62060782E-02   5.62299967       1.62588738E+11
   1.71645842E-02   5.30899954       1.43348040E+11
   1.81817189E-02   5.01200056       1.25090447E+11
   1.92575604E-02   4.73199987       9.56749988E+10
   2.03999951E-02   4.46700001       7.82579548E+10
   2.16093846E-02   4.21700001       6.88575037E+10
   2.28904244E-02   3.98099971       5.77672847E+10
   2.42487434E-02   3.75799990       5.76175063E+10
   2.56839842E-02   3.54799986       5.47313828E+10
   2.72020232E-02   3.34999967       5.62099692E+10
   2.88193487E-02   3.16199994       5.76809861E+10
   3.05282343E-02   2.98500013       6.56359260E+10
   3.23373936E-02   2.81800032       6.93384643E+10
   3.42453122E-02   2.66099977       7.73247140E+10
   3.62765826E-02   2.51199985       8.22869443E+10
   3.84338982E-02   2.37100005       8.93615391E+10
   4.06997651E-02   2.23900008       9.94224701E+10
   4.31267284E-02   2.11299992       1.08533744E+11
   4.56775837E-02   1.99499977       1.16342882E+11
   4.83687781E-02   1.88399994       1.32910137E+11
   5.12524061E-02   1.77800000       1.48809236E+11
   5.42744361E-02   1.67900002       1.55834925E+11
   5.74932322E-02   1.58500004       1.75177630E+11
   6.09136187E-02   1.49600005       1.92628261E+11
   6.44917041E-02   1.41299999       2.06756004E+11
   6.83109239E-02   1.33399999       2.19319894E+11
   7.23802894E-02   1.25899982       2.35603853E+11
   7.66415298E-02   1.18900001       2.60041114E+11
   8.12181607E-02   1.12199998       2.87367627E+11
   8.60498324E-02   1.05900002       3.10656467E+11
   9.11267772E-02   1.00000000       3.22461270E+11
   9.65223759E-02  0.944099963       3.44838078E+11
  0.102240302      0.891299903       3.68817078E+11
  0.108303703      0.841400325       3.93299493E+11
  0.114725903      0.794299901       4.12221112E+11
  0.121518597      0.749899864       4.34194842E+11
  0.128728300      0.707900047       4.48573243E+11
  0.136356100      0.668299973       4.68683915E+11
  0.144416496      0.630999804       4.86790726E+11
  0.152974293      0.595699906       4.99430982E+11
  0.162060797      0.562299967       5.12760644E+11
  0.171645805      0.530900061       5.15365437E+11
  0.181817204      0.501199961       5.22194223E+11
  0.192575604      0.473200023       5.21167602E+11
  0.203999996      0.446699888       5.18930366E+11
  0.216093898      0.421699911       5.09547839E+11
  0.228904203      0.398100019       5.02858121E+11
  0.242487401      0.375800043       4.79511151E+11
  0.256839812      0.354800045       4.54946652E+11
  0.272020191      0.335000038       4.28763578E+11
  0.288193494      0.316199988       4.00937255E+11
  0.305282295      0.298500031       3.64415255E+11
  0.323373914      0.281800032       3.28175387E+11
  0.342453212      0.266099930       2.92235772E+11
  0.362765789      0.251200050       2.55664570E+11
  0.384339005      0.237099990       2.21109436E+11
  0.406997710      0.223899946       1.82901670E+11
  0.431267291      0.211299971       1.53004507E+11
  0.456775814      0.199499995       1.25510189E+11
  0.483687788      0.188399985       9.65092229E+10
  0.512524128      0.177799955       7.48069274E+10
  0.542744279      0.167900011       5.76862822E+10
  0.574932277      0.158500031       4.17453425E+10
  0.609136224      0.149599984       2.94859858E+10
  0.644917071      0.141299993       2.05241037E+10
  0.683109283      0.133399993       1.34906911E+10
  0.723802805      0.125900000       8.66196890E+09
  0.766415298      0.118900001       5.59046554E+09
  0.812181592      0.112199999       3.52988160E+09
  0.860498428      0.105899990       1.89516019E+09
  0.911267817       9.99999866E-02   1.06354598E+09
  0.965223730       9.44099948E-02   589711808.    
   1.02240300       8.91299993E-02   259407328.    
   1.08303702       8.41400400E-02   108788912.    
   1.14725900       7.94299915E-02   61671064.0    
   1.21518600       7.49899819E-02   12125556.0    
   1.28728294       7.07900152E-02   18308938.0    
   1.36356103       6.68299943E-02   6493586.50    
   1.44416404       6.31000176E-02   0.00000000    
   1.52974296       5.95699884E-02   0.00000000    
   1.62060797       5.62299937E-02   0.00000000    
   1.71645796       5.30900098E-02   0.00000000    
   1.81817198       5.01199961E-02   0.00000000    
   1.92575598       4.73200008E-02   0.00000000    
   2.03999901       4.46700081E-02   0.00000000    
   2.16093898       4.21699919E-02   0.00000000    
   2.28904200       3.98100056E-02   0.00000000    
   2.42487407       3.75800021E-02   0.00000000    
   2.56839800       3.54800038E-02   0.00000000    
   2.72020197       3.35000046E-02   0.00000000    
   2.88193488       3.16199958E-02   0.00000000    
   3.05282307       2.98500024E-02   0.00000000    
   3.23373890       2.81800050E-02   0.00000000    
   3.42453098       2.66100019E-02   0.00000000    
   3.62765789       2.51200031E-02   0.00000000    
   3.84338999       2.37099994E-02   0.00000000    
   4.06997585       2.23900042E-02   0.00000000    
   4.31267309       2.11299974E-02   0.00000000    
   4.56775808       1.99500006E-02   0.00000000    
   4.83687782       1.88399982E-02   0.00000000    
   5.12523985       1.77800022E-02   0.00000000    
   5.42744398       1.67899970E-02   0.00000000    
   5.74932289       1.58500001E-02   0.00000000    
   6.09136200       1.49599994E-02   0.00000000    
   6.44917011       1.41300010E-02   0.00000000    
   6.83109283       1.33400001E-02   0.00000000    
   7.23802805       1.25899995E-02   0.00000000    
   7.66415310       1.18899997E-02   0.00000000    
   8.12181664       1.12199998E-02   0.00000000    
   8.60498333       1.05900010E-02   0.00000000    
   9.11267757       9.99999978E-03   0.00000000    
   9.65223694       9.44100041E-03   0.00000000    
   10.2240295       8.91300011E-03   0.00000000    
   10.8303699       8.41400400E-03   0.00000000    
   11.4725904       7.94299878E-03   0.00000000    
   12.1518602       7.49899819E-03   0.00000000    
   12.8728304       7.07900105E-03   0.00000000    
   13.6356096       6.68299943E-03   0.00000000    
   14.4416399       6.31000195E-03   0.00000000    
  
 Total energy radiated out of the nebula [e36 erg/s]:   665843.812    
 dTheta:   0.314159274    
 dPhi:   0.314159274    
  
 Flux at 4.9GHz (must multiply by 1.e36/(4 Pi D[cm]^2 to obtain units of [Jy]) :   0.00000000    
